[02-Feb-2024 17:03:46 UTC] PHP Warning:  An unexpected error occurred. Something may be wrong with WordPress.org or this server&#8217;s configuration. If you continue to have problems, please try the <a href="https://wordpress.org/support/forums/">support forums</a>. (WordPress could not establish a secure connection to WordPress.org. Please contact your server administrator.) in /Users/dylsonoliveira/Local Sites/fictionaluni2/app/public/wp-admin/includes/update.php on line 154
[02-Feb-2024 17:03:46 UTC] PHP Stack trace:
[02-Feb-2024 17:03:46 UTC] PHP   1. {main}() /Users/dylsonoliveira/Local Sites/fictionaluni2/app/public/wp-cron.php:0
[02-Feb-2024 17:03:46 UTC] PHP   2. do_action_ref_array() /Users/dylsonoliveira/Local Sites/fictionaluni2/app/public/wp-cron.php:191
[02-Feb-2024 17:03:46 UTC] PHP   3. WP_Hook->do_action() /Users/dylsonoliveira/Local Sites/fictionaluni2/app/public/wp-includes/plugin.php:565
[02-Feb-2024 17:03:46 UTC] PHP   4. WP_Hook->apply_filters() /Users/dylsonoliveira/Local Sites/fictionaluni2/app/public/wp-includes/class-wp-hook.php:348
[02-Feb-2024 17:03:46 UTC] PHP   5. WP_Site_Health->wp_cron_scheduled_check() /Users/dylsonoliveira/Local Sites/fictionaluni2/app/public/wp-includes/class-wp-hook.php:324
[02-Feb-2024 17:03:46 UTC] PHP   6. WP_Site_Health->perform_test() /Users/dylsonoliveira/Local Sites/fictionaluni2/app/public/wp-admin/includes/class-wp-site-health.php:3249
[02-Feb-2024 17:03:46 UTC] PHP   7. WP_Site_Health->get_test_background_updates() /Users/dylsonoliveira/Local Sites/fictionaluni2/app/public/wp-admin/includes/class-wp-site-health.php:194
[02-Feb-2024 17:03:46 UTC] PHP   8. WP_Site_Health_Auto_Updates->run_tests() /Users/dylsonoliveira/Local Sites/fictionaluni2/app/public/wp-admin/includes/class-wp-site-health.php:1848
[02-Feb-2024 17:03:46 UTC] PHP   9. WP_Site_Health_Auto_Updates->test_all_files_writable() /Users/dylsonoliveira/Local Sites/fictionaluni2/app/public/wp-admin/includes/class-wp-site-health-auto-updates.php:38
[02-Feb-2024 17:03:46 UTC] PHP  10. get_core_checksums() /Users/dylsonoliveira/Local Sites/fictionaluni2/app/public/wp-admin/includes/class-wp-site-health-auto-updates.php:334
[02-Feb-2024 17:03:46 UTC] PHP  11. trigger_error() /Users/dylsonoliveira/Local Sites/fictionaluni2/app/public/wp-admin/includes/update.php:154
[02-Feb-2024 17:03:46 UTC] PHP Warning:  An unexpected error occurred. Something may be wrong with WordPress.org or this server&#8217;s configuration. If you continue to have problems, please try the <a href="https://wordpress.org/support/forums/">support forums</a>. (WordPress could not establish a secure connection to WordPress.org. Please contact your server administrator.) in /Users/dylsonoliveira/Local Sites/fictionaluni2/app/public/wp-includes/update.php on line 211
[02-Feb-2024 17:03:46 UTC] PHP Stack trace:
[02-Feb-2024 17:03:46 UTC] PHP   1. {main}() /Users/dylsonoliveira/Local Sites/fictionaluni2/app/public/wp-cron.php:0
[02-Feb-2024 17:03:46 UTC] PHP   2. do_action_ref_array() /Users/dylsonoliveira/Local Sites/fictionaluni2/app/public/wp-cron.php:191
[02-Feb-2024 17:03:46 UTC] PHP   3. WP_Hook->do_action() /Users/dylsonoliveira/Local Sites/fictionaluni2/app/public/wp-includes/plugin.php:565
[02-Feb-2024 17:03:46 UTC] PHP   4. WP_Hook->apply_filters() /Users/dylsonoliveira/Local Sites/fictionaluni2/app/public/wp-includes/class-wp-hook.php:348
[02-Feb-2024 17:03:46 UTC] PHP   5. wp_version_check() /Users/dylsonoliveira/Local Sites/fictionaluni2/app/public/wp-includes/class-wp-hook.php:324
[02-Feb-2024 17:03:46 UTC] PHP   6. trigger_error() /Users/dylsonoliveira/Local Sites/fictionaluni2/app/public/wp-includes/update.php:211
[02-Feb-2024 17:03:46 UTC] PHP Warning:  An unexpected error occurred. Something may be wrong with WordPress.org or this server&#8217;s configuration. If you continue to have problems, please try the <a href="https://wordpress.org/support/forums/">support forums</a>. (WordPress could not establish a secure connection to WordPress.org. Please contact your server administrator.) in /Users/dylsonoliveira/Local Sites/fictionaluni2/app/public/wp-includes/update.php on line 449
[02-Feb-2024 17:03:46 UTC] PHP Stack trace:
[02-Feb-2024 17:03:46 UTC] PHP   1. {main}() /Users/dylsonoliveira/Local Sites/fictionaluni2/app/public/wp-cron.php:0
[02-Feb-2024 17:03:46 UTC] PHP   2. do_action_ref_array() /Users/dylsonoliveira/Local Sites/fictionaluni2/app/public/wp-cron.php:191
[02-Feb-2024 17:03:46 UTC] PHP   3. WP_Hook->do_action() /Users/dylsonoliveira/Local Sites/fictionaluni2/app/public/wp-includes/plugin.php:565
[02-Feb-2024 17:03:46 UTC] PHP   4. WP_Hook->apply_filters() /Users/dylsonoliveira/Local Sites/fictionaluni2/app/public/wp-includes/class-wp-hook.php:348
[02-Feb-2024 17:03:46 UTC] PHP   5. wp_update_plugins() /Users/dylsonoliveira/Local Sites/fictionaluni2/app/public/wp-includes/class-wp-hook.php:324
[02-Feb-2024 17:03:46 UTC] PHP   6. trigger_error() /Users/dylsonoliveira/Local Sites/fictionaluni2/app/public/wp-includes/update.php:449
[02-Feb-2024 17:03:46 UTC] PHP Warning:  An unexpected error occurred. Something may be wrong with WordPress.org or this server&#8217;s configuration. If you continue to have problems, please try the <a href="https://wordpress.org/support/forums/">support forums</a>. (WordPress could not establish a secure connection to WordPress.org. Please contact your server administrator.) in /Users/dylsonoliveira/Local Sites/fictionaluni2/app/public/wp-includes/update.php on line 730
[02-Feb-2024 17:03:46 UTC] PHP Stack trace:
[02-Feb-2024 17:03:46 UTC] PHP   1. {main}() /Users/dylsonoliveira/Local Sites/fictionaluni2/app/public/wp-cron.php:0
[02-Feb-2024 17:03:46 UTC] PHP   2. do_action_ref_array() /Users/dylsonoliveira/Local Sites/fictionaluni2/app/public/wp-cron.php:191
[02-Feb-2024 17:03:46 UTC] PHP   3. WP_Hook->do_action() /Users/dylsonoliveira/Local Sites/fictionaluni2/app/public/wp-includes/plugin.php:565
[02-Feb-2024 17:03:46 UTC] PHP   4. WP_Hook->apply_filters() /Users/dylsonoliveira/Local Sites/fictionaluni2/app/public/wp-includes/class-wp-hook.php:348
[02-Feb-2024 17:03:46 UTC] PHP   5. wp_update_themes() /Users/dylsonoliveira/Local Sites/fictionaluni2/app/public/wp-includes/class-wp-hook.php:324
[02-Feb-2024 17:03:46 UTC] PHP   6. trigger_error() /Users/dylsonoliveira/Local Sites/fictionaluni2/app/public/wp-includes/update.php:730
[02-Feb-2024 17:25:32 UTC] PHP Warning:  An unexpected error occurred. Something may be wrong with WordPress.org or this server&#8217;s configuration. If you continue to have problems, please try the <a href="https://wordpress.org/support/forums/">support forums</a>. (WordPress could not establish a secure connection to WordPress.org. Please contact your server administrator.) in /Users/dylsonoliveira/Local Sites/fictionaluni2/app/public/wp-admin/includes/translation-install.php on line 68
[02-Feb-2024 17:25:32 UTC] PHP Stack trace:
[02-Feb-2024 17:25:32 UTC] PHP   1. {main}() /Users/dylsonoliveira/Local Sites/fictionaluni2/app/public/wp-admin/options-general.php:0
[02-Feb-2024 17:25:32 UTC] PHP   2. wp_get_available_translations() /Users/dylsonoliveira/Local Sites/fictionaluni2/app/public/wp-admin/options-general.php:190
[02-Feb-2024 17:25:32 UTC] PHP   3. translations_api() /Users/dylsonoliveira/Local Sites/fictionaluni2/app/public/wp-admin/includes/translation-install.php:133
[02-Feb-2024 17:25:32 UTC] PHP   4. trigger_error() /Users/dylsonoliveira/Local Sites/fictionaluni2/app/public/wp-admin/includes/translation-install.php:68
[02-Feb-2024 17:25:50 UTC] PHP Warning:  An unexpected error occurred. Something may be wrong with WordPress.org or this server&#8217;s configuration. If you continue to have problems, please try the <a href="https://wordpress.org/support/forums/">support forums</a>. (WordPress could not establish a secure connection to WordPress.org. Please contact your server administrator.) in /Users/dylsonoliveira/Local Sites/fictionaluni2/app/public/wp-admin/includes/translation-install.php on line 68
[02-Feb-2024 17:25:50 UTC] PHP Stack trace:
[02-Feb-2024 17:25:50 UTC] PHP   1. {main}() /Users/dylsonoliveira/Local Sites/fictionaluni2/app/public/wp-admin/options-general.php:0
[02-Feb-2024 17:25:50 UTC] PHP   2. wp_get_available_translations() /Users/dylsonoliveira/Local Sites/fictionaluni2/app/public/wp-admin/options-general.php:190
[02-Feb-2024 17:25:50 UTC] PHP   3. translations_api() /Users/dylsonoliveira/Local Sites/fictionaluni2/app/public/wp-admin/includes/translation-install.php:133
[02-Feb-2024 17:25:50 UTC] PHP   4. trigger_error() /Users/dylsonoliveira/Local Sites/fictionaluni2/app/public/wp-admin/includes/translation-install.php:68
[02-Feb-2024 17:26:03 UTC] PHP Warning:  An unexpected error occurred. Something may be wrong with WordPress.org or this server&#8217;s configuration. If you continue to have problems, please try the <a href="https://wordpress.org/support/forums/">support forums</a>. (WordPress could not establish a secure connection to WordPress.org. Please contact your server administrator.) in /Users/dylsonoliveira/Local Sites/fictionaluni2/app/public/wp-admin/includes/translation-install.php on line 68
[02-Feb-2024 17:26:03 UTC] PHP Stack trace:
[02-Feb-2024 17:26:03 UTC] PHP   1. {main}() /Users/dylsonoliveira/Local Sites/fictionaluni2/app/public/wp-admin/options-general.php:0
[02-Feb-2024 17:26:03 UTC] PHP   2. wp_get_available_translations() /Users/dylsonoliveira/Local Sites/fictionaluni2/app/public/wp-admin/options-general.php:190
[02-Feb-2024 17:26:03 UTC] PHP   3. translations_api() /Users/dylsonoliveira/Local Sites/fictionaluni2/app/public/wp-admin/includes/translation-install.php:133
[02-Feb-2024 17:26:03 UTC] PHP   4. trigger_error() /Users/dylsonoliveira/Local Sites/fictionaluni2/app/public/wp-admin/includes/translation-install.php:68
[02-Feb-2024 17:26:45 UTC] PHP Warning:  An unexpected error occurred. Something may be wrong with WordPress.org or this server&#8217;s configuration. If you continue to have problems, please try the <a href="https://wordpress.org/support/forums/">support forums</a>. (WordPress could not establish a secure connection to WordPress.org. Please contact your server administrator.) in /Users/dylsonoliveira/Local Sites/fictionaluni2/app/public/wp-admin/includes/translation-install.php on line 68
[02-Feb-2024 17:26:45 UTC] PHP Stack trace:
[02-Feb-2024 17:26:45 UTC] PHP   1. {main}() /Users/dylsonoliveira/Local Sites/fictionaluni2/app/public/wp-admin/options-general.php:0
[02-Feb-2024 17:26:45 UTC] PHP   2. wp_get_available_translations() /Users/dylsonoliveira/Local Sites/fictionaluni2/app/public/wp-admin/options-general.php:190
[02-Feb-2024 17:26:45 UTC] PHP   3. translations_api() /Users/dylsonoliveira/Local Sites/fictionaluni2/app/public/wp-admin/includes/translation-install.php:133
[02-Feb-2024 17:26:45 UTC] PHP   4. trigger_error() /Users/dylsonoliveira/Local Sites/fictionaluni2/app/public/wp-admin/includes/translation-install.php:68
[02-Feb-2024 17:34:00 UTC] PHP Parse error:  syntax error, unexpected '}', expecting ';' or ',' in /Users/dylsonoliveira/Local Sites/fictionaluni2/app/public/wp-content/themes/fictional-university-theme/index.php on line 8
