[30-Jan-2024 15:16:04] NOTICE: fpm is running, pid 52725
[30-Jan-2024 15:16:04] NOTICE: ready to handle connections
[30-Jan-2024 15:23:26] NOTICE: Terminating ...
[30-Jan-2024 15:23:26] NOTICE: Terminating ...
[30-Jan-2024 15:23:26] NOTICE: exiting, bye-bye!
[01-Feb-2024 14:56:34] NOTICE: fpm is running, pid 48302
[01-Feb-2024 14:56:34] NOTICE: ready to handle connections
[01-Feb-2024 23:09:08] NOTICE: Terminating ...
[01-Feb-2024 23:09:08] NOTICE: Terminating ...
[01-Feb-2024 23:09:08] NOTICE: exiting, bye-bye!
[02-Feb-2024 11:43:47] NOTICE: fpm is running, pid 93517
[02-Feb-2024 11:43:47] NOTICE: ready to handle connections
[05-Feb-2024 09:24:23] NOTICE: Terminating ...
[05-Feb-2024 09:24:23] NOTICE: Terminating ...
[05-Feb-2024 09:24:23] NOTICE: exiting, bye-bye!
[05-Feb-2024 09:36:25] NOTICE: fpm is running, pid 32045
[05-Feb-2024 09:36:25] NOTICE: ready to handle connections
[05-Feb-2024 18:52:16] NOTICE: Terminating ...
[05-Feb-2024 18:52:16] NOTICE: Terminating ...
[05-Feb-2024 18:52:16] NOTICE: exiting, bye-bye!
[06-Feb-2024 06:55:53] NOTICE: fpm is running, pid 81149
[06-Feb-2024 06:55:53] NOTICE: ready to handle connections
